==316754== Helgrind, a thread error detector
==316754== Copyright (C) 2007-2017, and GNU GPL'd, by OpenWorks LLP et al.
==316754== Using Valgrind-3.22.0 and LibVEX; rerun with -h for copyright info
==316754== Command: bin/broker
==316754== Parent PID: 676
==316754== 
==316754== ---Thread-Announcement------------------------------------------
==316754== 
==316754== Thread #9 was created
==316754==    at 0x4991A23: clone (clone.S:76)
==316754==    by 0x4991BA2: __clone_internal_fallback (clone-internal.c:64)
==316754==    by 0x4991BA2: __clone_internal (clone-internal.c:109)
==316754==    by 0x490454F: create_thread (pthread_create.c:297)
==316754==    by 0x49051A4: pthread_create@@GLIBC_2.34 (pthread_create.c:836)
==316754==    by 0x4854975: ??? (in /usr/libexec/valgrind/vgpreload_helgrind-amd64-linux.so)
==316754==    by 0x10CE8D: main (broker.c:811)
==316754== 
==316754== ---Thread-Announcement------------------------------------------
==316754== 
==316754== Thread #3 was created
==316754==    at 0x4991A23: clone (clone.S:76)
==316754==    by 0x4991BA2: __clone_internal_fallback (clone-internal.c:64)
==316754==    by 0x4991BA2: __clone_internal (clone-internal.c:109)
==316754==    by 0x490454F: create_thread (pthread_create.c:297)
==316754==    by 0x49051A4: pthread_create@@GLIBC_2.34 (pthread_create.c:836)
==316754==    by 0x4854975: ??? (in /usr/libexec/valgrind/vgpreload_helgrind-amd64-linux.so)
==316754==    by 0x10CA14: main (broker.c:759)
==316754== 
==316754== ----------------------------------------------------------------
==316754== 
==316754==  Lock at 0x110148 was first observed
==316754==    at 0x48562EB: pthread_mutex_init (in /usr/libexec/valgrind/vgpreload_helgrind-amd64-linux.so)
==316754==    by 0x10CFCB: main (broker.c:820)
==316754==  Address 0x110148 is 136 bytes inside data symbol "grupos"
==316754== 
==316754==  Lock at 0x4A7DFB8 was first observed
==316754==    at 0x48562EB: pthread_mutex_init (in /usr/libexec/valgrind/vgpreload_helgrind-amd64-linux.so)
==316754==    by 0x10CBE4: main (broker.c:801)
==316754==  Address 0x4a7dfb8 is 312 bytes inside a block of size 704 alloc'd
==316754==    at 0x484F9D3: calloc (in /usr/libexec/valgrind/vgpreload_helgrind-amd64-linux.so)
==316754==    by 0x10CB96: main (broker.c:799)
==316754==  Block was alloc'd by thread #1
==316754== 
==316754==  Lock at 0x110080 was first observed
==316754==    at 0x48512DC: ??? (in /usr/libexec/valgrind/vgpreload_helgrind-amd64-linux.so)
==316754==    by 0x10C111: trabajador (broker.c:629)
==316754==    by 0x4854B7A: ??? (in /usr/libexec/valgrind/vgpreload_helgrind-amd64-linux.so)
==316754==    by 0x4904AA3: start_thread (pthread_create.c:447)
==316754==    by 0x4991A33: clone (clone.S:100)
==316754==  Address 0x110080 is 0 bytes inside data symbol "mutex"
==316754== 
==316754==  Lock at 0x111200 was first observed
==316754==    at 0x48512DC: ??? (in /usr/libexec/valgrind/vgpreload_helgrind-amd64-linux.so)
==316754==    by 0x10B8DC: trabajador (broker.c:475)
==316754==    by 0x4854B7A: ??? (in /usr/libexec/valgrind/vgpreload_helgrind-amd64-linux.so)
==316754==    by 0x4904AA3: start_thread (pthread_create.c:447)
==316754==    by 0x4991A33: clone (clone.S:100)
==316754==  Address 0x111200 is 0 bytes inside data symbol "mutex_grupos"
==316754== 
==316754== Possible data race during write of size 4 at 0x110144 by thread #9
==316754== Locks held: 2, at addresses 0x110148 0x4A7DFB8
==316754==    at 0x10C33C: trabajador (broker.c:651)
==316754==    by 0x4854B7A: ??? (in /usr/libexec/valgrind/vgpreload_helgrind-amd64-linux.so)
==316754==    by 0x4904AA3: start_thread (pthread_create.c:447)
==316754==    by 0x4991A33: clone (clone.S:100)
==316754== 
==316754== This conflicts with a previous read of size 4 by thread #3
==316754== Locks held: 2, at addresses 0x110080 0x111200
==316754==    at 0x10AB2E: obtener_offset_minimo_grupos (broker.c:226)
==316754==    by 0x10AC80: limpiar_cola_si_es_posible (broker.c:250)
==316754==    by 0x10B41B: hilo_limpieza_func (broker.c:393)
==316754==    by 0x4854B7A: ??? (in /usr/libexec/valgrind/vgpreload_helgrind-amd64-linux.so)
==316754==    by 0x4904AA3: start_thread (pthread_create.c:447)
==316754==    by 0x4991A33: clone (clone.S:100)
==316754==  Address 0x110144 is 132 bytes inside data symbol "grupos"
==316754== 
==316754== ---Thread-Announcement------------------------------------------
==316754== 
==316754== Thread #13 was created
==316754==    at 0x4991A23: clone (clone.S:76)
==316754==    by 0x4991BA2: __clone_internal_fallback (clone-internal.c:64)
==316754==    by 0x4991BA2: __clone_internal (clone-internal.c:109)
==316754==    by 0x490454F: create_thread (pthread_create.c:297)
==316754==    by 0x49051A4: pthread_create@@GLIBC_2.34 (pthread_create.c:836)
==316754==    by 0x4854975: ??? (in /usr/libexec/valgrind/vgpreload_helgrind-amd64-linux.so)
==316754==    by 0x10CE8D: main (broker.c:811)
==316754== 
==316754== ----------------------------------------------------------------
==316754== 
==316754==  Lock at 0x110080 was first observed
==316754==    at 0x48512DC: ??? (in /usr/libexec/valgrind/vgpreload_helgrind-amd64-linux.so)
==316754==    by 0x10C111: trabajador (broker.c:629)
==316754==    by 0x4854B7A: ??? (in /usr/libexec/valgrind/vgpreload_helgrind-amd64-linux.so)
==316754==    by 0x4904AA3: start_thread (pthread_create.c:447)
==316754==    by 0x4991A33: clone (clone.S:100)
==316754==  Address 0x110080 is 0 bytes inside data symbol "mutex"
==316754== 
==316754==  Lock at 0x111200 was first observed
==316754==    at 0x48512DC: ??? (in /usr/libexec/valgrind/vgpreload_helgrind-amd64-linux.so)
==316754==    by 0x10B8DC: trabajador (broker.c:475)
==316754==    by 0x4854B7A: ??? (in /usr/libexec/valgrind/vgpreload_helgrind-amd64-linux.so)
==316754==    by 0x4904AA3: start_thread (pthread_create.c:447)
==316754==    by 0x4991A33: clone (clone.S:100)
==316754==  Address 0x111200 is 0 bytes inside data symbol "mutex_grupos"
==316754== 
==316754==  Lock at 0x110148 was first observed
==316754==    at 0x48562EB: pthread_mutex_init (in /usr/libexec/valgrind/vgpreload_helgrind-amd64-linux.so)
==316754==    by 0x10CFCB: main (broker.c:820)
==316754==  Address 0x110148 is 136 bytes inside data symbol "grupos"
==316754== 
==316754==  Lock at 0x4A7E118 was first observed
==316754==    at 0x48562EB: pthread_mutex_init (in /usr/libexec/valgrind/vgpreload_helgrind-amd64-linux.so)
==316754==    by 0x10CBE4: main (broker.c:801)
==316754==  Address 0x4a7e118 is 664 bytes inside a block of size 704 alloc'd
==316754==    at 0x484F9D3: calloc (in /usr/libexec/valgrind/vgpreload_helgrind-amd64-linux.so)
==316754==    by 0x10CB96: main (broker.c:799)
==316754==  Block was alloc'd by thread #1
==316754== 
==316754== Possible data race during read of size 4 at 0x110144 by thread #3
==316754== Locks held: 2, at addresses 0x110080 0x111200
==316754==    at 0x10AB2E: obtener_offset_minimo_grupos (broker.c:226)
==316754==    by 0x10AC80: limpiar_cola_si_es_posible (broker.c:250)
==316754==    by 0x10B41B: hilo_limpieza_func (broker.c:393)
==316754==    by 0x4854B7A: ??? (in /usr/libexec/valgrind/vgpreload_helgrind-amd64-linux.so)
==316754==    by 0x4904AA3: start_thread (pthread_create.c:447)
==316754==    by 0x4991A33: clone (clone.S:100)
==316754== 
==316754== This conflicts with a previous write of size 4 by thread #13
==316754== Locks held: 2, at addresses 0x110148 0x4A7E118
==316754==    at 0x10C33C: trabajador (broker.c:651)
==316754==    by 0x4854B7A: ??? (in /usr/libexec/valgrind/vgpreload_helgrind-amd64-linux.so)
==316754==    by 0x4904AA3: start_thread (pthread_create.c:447)
==316754==    by 0x4991A33: clone (clone.S:100)
==316754==  Address 0x110144 is 132 bytes inside data symbol "grupos"
==316754== 
==316754== ---Thread-Announcement------------------------------------------
==316754== 
==316754== Thread #1 is the program's root thread
==316754== 
==316754== ----------------------------------------------------------------
==316754== 
==316754==  Lock at 0x4A7E118 was first observed
==316754==    at 0x48562EB: pthread_mutex_init (in /usr/libexec/valgrind/vgpreload_helgrind-amd64-linux.so)
==316754==    by 0x10CBE4: main (broker.c:801)
==316754==  Address 0x4a7e118 is 664 bytes inside a block of size 704 alloc'd
==316754==    at 0x484F9D3: calloc (in /usr/libexec/valgrind/vgpreload_helgrind-amd64-linux.so)
==316754==    by 0x10CB96: main (broker.c:799)
==316754==  Block was alloc'd by thread #1
==316754== 
==316754== Possible data race during write of size 4 at 0x4A7E110 by thread #13
==316754== Locks held: 1, at address 0x4A7E118
==316754==    at 0x10C767: trabajador (broker.c:707)
==316754==    by 0x4854B7A: ??? (in /usr/libexec/valgrind/vgpreload_helgrind-amd64-linux.so)
==316754==    by 0x4904AA3: start_thread (pthread_create.c:447)
==316754==    by 0x4991A33: clone (clone.S:100)
==316754== 
==316754== This conflicts with a previous read of size 4 by thread #1
==316754== Locks held: none
==316754==    at 0x10D0E2: main (broker.c:841)
==316754==  Address 0x4a7e110 is 656 bytes inside a block of size 704 alloc'd
==316754==    at 0x484F9D3: calloc (in /usr/libexec/valgrind/vgpreload_helgrind-amd64-linux.so)
==316754==    by 0x10CB96: main (broker.c:799)
==316754==  Block was alloc'd by thread #1
==316754== 
==316754== ---Thread-Announcement------------------------------------------
==316754== 
==316754== Thread #10 was created
==316754==    at 0x4991A23: clone (clone.S:76)
==316754==    by 0x4991BA2: __clone_internal_fallback (clone-internal.c:64)
==316754==    by 0x4991BA2: __clone_internal (clone-internal.c:109)
==316754==    by 0x490454F: create_thread (pthread_create.c:297)
==316754==    by 0x49051A4: pthread_create@@GLIBC_2.34 (pthread_create.c:836)
==316754==    by 0x4854975: ??? (in /usr/libexec/valgrind/vgpreload_helgrind-amd64-linux.so)
==316754==    by 0x10CE8D: main (broker.c:811)
==316754== 
==316754== ----------------------------------------------------------------
==316754== 
==316754==  Lock at 0x4A7E010 was first observed
==316754==    at 0x48562EB: pthread_mutex_init (in /usr/libexec/valgrind/vgpreload_helgrind-amd64-linux.so)
==316754==    by 0x10CBE4: main (broker.c:801)
==316754==  Address 0x4a7e010 is 400 bytes inside a block of size 704 alloc'd
==316754==    at 0x484F9D3: calloc (in /usr/libexec/valgrind/vgpreload_helgrind-amd64-linux.so)
==316754==    by 0x10CB96: main (broker.c:799)
==316754==  Block was alloc'd by thread #1
==316754== 
==316754== Possible data race during read of size 4 at 0x4A7E008 by thread #1
==316754== Locks held: none
==316754==    at 0x10D0E2: main (broker.c:841)
==316754== 
==316754== This conflicts with a previous write of size 4 by thread #10
==316754== Locks held: 1, at address 0x4A7E010
==316754==    at 0x10C767: trabajador (broker.c:707)
==316754==    by 0x4854B7A: ??? (in /usr/libexec/valgrind/vgpreload_helgrind-amd64-linux.so)
==316754==    by 0x4904AA3: start_thread (pthread_create.c:447)
==316754==    by 0x4991A33: clone (clone.S:100)
==316754==  Address 0x4a7e008 is 392 bytes inside a block of size 704 alloc'd
==316754==    at 0x484F9D3: calloc (in /usr/libexec/valgrind/vgpreload_helgrind-amd64-linux.so)
==316754==    by 0x10CB96: main (broker.c:799)
==316754==  Block was alloc'd by thread #1
==316754== 
==316754== ----------------------------------------------------------------
==316754== 
==316754== Possible data race during write of size 4 at 0x126474 by thread #1
==316754== Locks held: none
==316754==    at 0x10D45A: main (broker.c:894)
==316754== 
==316754== This conflicts with a previous read of size 4 by thread #3
==316754== Locks held: none
==316754==    at 0x10B42B: hilo_limpieza_func (broker.c:387)
==316754==    by 0x4854B7A: ??? (in /usr/libexec/valgrind/vgpreload_helgrind-amd64-linux.so)
==316754==    by 0x4904AA3: start_thread (pthread_create.c:447)
==316754==    by 0x4991A33: clone (clone.S:100)
==316754==  Address 0x126474 is 0 bytes inside data symbol "terminar"
==316754== 
==316754== ----------------------------------------------------------------
==316754== 
==316754== Thread #1: pthread_cond_{signal,broadcast}: dubious: associated lock is not held by any thread
==316754==    at 0x4851E0D: ??? (in /usr/libexec/valgrind/vgpreload_helgrind-amd64-linux.so)
==316754==    by 0x10D472: main (broker.c:897)
==316754== 
==316754== ---Thread-Announcement------------------------------------------
==316754== 
==316754== Thread #4 was created
==316754==    at 0x4991A23: clone (clone.S:76)
==316754==    by 0x4991BA2: __clone_internal_fallback (clone-internal.c:64)
==316754==    by 0x4991BA2: __clone_internal (clone-internal.c:109)
==316754==    by 0x490454F: create_thread (pthread_create.c:297)
==316754==    by 0x49051A4: pthread_create@@GLIBC_2.34 (pthread_create.c:836)
==316754==    by 0x4854975: ??? (in /usr/libexec/valgrind/vgpreload_helgrind-amd64-linux.so)
==316754==    by 0x10CA34: main (broker.c:763)
==316754== 
==316754== ----------------------------------------------------------------
==316754== 
==316754==  Lock at 0x126400 was first observed
==316754==    at 0x48512DC: ??? (in /usr/libexec/valgrind/vgpreload_helgrind-amd64-linux.so)
==316754==    by 0x10B48C: hilo_log_consumo_func (broker.c:403)
==316754==    by 0x4854B7A: ??? (in /usr/libexec/valgrind/vgpreload_helgrind-amd64-linux.so)
==316754==    by 0x4904AA3: start_thread (pthread_create.c:447)
==316754==    by 0x4991A33: clone (clone.S:100)
==316754==  Address 0x126400 is 0 bytes inside data symbol "mutex_log"
==316754== 
==316754== Possible data race during read of size 4 at 0x126474 by thread #4
==316754== Locks held: 1, at address 0x126400
==316754==    at 0x10B4B2: hilo_log_consumo_func (broker.c:404)
==316754==    by 0x4854B7A: ??? (in /usr/libexec/valgrind/vgpreload_helgrind-amd64-linux.so)
==316754==    by 0x4904AA3: start_thread (pthread_create.c:447)
==316754==    by 0x4991A33: clone (clone.S:100)
==316754== 
==316754== This conflicts with a previous write of size 4 by thread #1
==316754== Locks held: none
==316754==    at 0x10D45A: main (broker.c:894)
==316754==  Address 0x126474 is 0 bytes inside data symbol "terminar"
==316754== 
==316754== ----------------------------------------------------------------
==316754== 
==316754== Possible data race during read of size 4 at 0x126474 by thread #4
==316754== Locks held: none
==316754==    at 0x10B569: hilo_log_consumo_func (broker.c:402)
==316754==    by 0x4854B7A: ??? (in /usr/libexec/valgrind/vgpreload_helgrind-amd64-linux.so)
==316754==    by 0x4904AA3: start_thread (pthread_create.c:447)
==316754==    by 0x4991A33: clone (clone.S:100)
==316754== 
==316754== This conflicts with a previous write of size 4 by thread #1
==316754== Locks held: none
==316754==    at 0x10D45A: main (broker.c:894)
==316754==  Address 0x126474 is 0 bytes inside data symbol "terminar"
==316754== 
==316754== ---Thread-Announcement------------------------------------------
==316754== 
==316754== Thread #11 was created
==316754==    at 0x4991A23: clone (clone.S:76)
==316754==    by 0x4991BA2: __clone_internal_fallback (clone-internal.c:64)
==316754==    by 0x4991BA2: __clone_internal (clone-internal.c:109)
==316754==    by 0x490454F: create_thread (pthread_create.c:297)
==316754==    by 0x49051A4: pthread_create@@GLIBC_2.34 (pthread_create.c:836)
==316754==    by 0x4854975: ??? (in /usr/libexec/valgrind/vgpreload_helgrind-amd64-linux.so)
==316754==    by 0x10CE8D: main (broker.c:811)
==316754== 
==316754== ----------------------------------------------------------------
==316754== 
==316754== Possible data race during read of size 4 at 0x126474 by thread #11
==316754== Locks held: none
==316754==    at 0x10C7BC: trabajador (broker.c:433)
==316754==    by 0x4854B7A: ??? (in /usr/libexec/valgrind/vgpreload_helgrind-amd64-linux.so)
==316754==    by 0x4904AA3: start_thread (pthread_create.c:447)
==316754==    by 0x4991A33: clone (clone.S:100)
==316754== 
==316754== This conflicts with a previous write of size 4 by thread #1
==316754== Locks held: none
==316754==    at 0x10D45A: main (broker.c:894)
==316754==  Address 0x126474 is 0 bytes inside data symbol "terminar"
==316754== 
==316754== ----------------------------------------------------------------
==316754== 
==316754== Thread #1: pthread_cond_{signal,broadcast}: dubious: associated lock is not held by any thread
==316754==    at 0x4851E0D: ??? (in /usr/libexec/valgrind/vgpreload_helgrind-amd64-linux.so)
==316754==    by 0x10D481: main (broker.c:898)
==316754== 
==316754== ----------------------------------------------------------------
==316754== 
==316754== Thread #1: pthread_cond_{signal,broadcast}: dubious: associated lock is not held by any thread
==316754==    at 0x4851E0D: ??? (in /usr/libexec/valgrind/vgpreload_helgrind-amd64-linux.so)
==316754==    by 0x10D490: main (broker.c:899)
==316754== 
==316754== 
==316754== Use --history-level=approx or =none to gain increased speed, at
==316754== the cost of reduced accuracy of conflicting-access information
==316754== For lists of detected and suppressed errors, rerun with: -s
==316754== ERROR SUMMARY: 344 errors from 11 contexts (suppressed: 380074 from 275)
